<?xml version="1.0" encoding="UTF-8"?>
<testsuite xmlns:xsi="http://www.w3.org/2001/XMLSchema-instance" xsi:noNamespaceSchemaLocation="https://maven.apache.org/surefire/maven-surefire-plugin/xsd/surefire-test-report-3.0.xsd" version="3.0" name="com.example.spring.UserIntegrationTest" time="0.037" tests="1" errors="0" skipped="0" failures="0">
  <properties>
[...]
</properties>
  <testcase name="testCreateAndGetFlow" classname="com.example.spring.UserIntegrationTest" time="0.422">
    <system-out><![CDATA[2026-07-02T20:57:50.572+05:30  INFO 21292 --- [           main] t.c.s.AnnotationConfigContextLoaderUtils : Could not detect default configuration classes for test class [com.example.spring.UserIntegrationTest]: UserIntegrationTest does not declare any static, non-private, non-final, nested classes annotated with @Configuration.
2026-07-02T20:57:50.579+05:30  INFO 21292 --- [           main] .b.t.c.SpringBootTestContextBootstrapper : Found @SpringBootConfiguration com.example.spring.Application for test class com.example.spring.UserIntegrationTest

  .   ____          _            __ _ _
 /\\ / ___'_ __ _ _(_)_ __  __ _ \ \ \ \
( ( )\___ | '_ | '_| | '_ \/ _` | \ \ \ \
 \\/  ___)| |_)| | | | | || (_| |  ) ) ) )
  '  |____| .__|_| |_|_| |_\__, | / / / /
 =========|_|==============|___/=/_/_/_/
 :: Spring Boot ::                (v3.2.1)

2026-07-02T20:57:50.633+05:30  INFO 21292 --- [           main] com.example.spring.UserIntegrationTest   : Starting UserIntegrationTest using Java 23.0.2 with PID 21292 (started by lenovo in C:\personal dg\github_repo\Digital-Nurture-JavaFSE-Cognizant\Week-03-TDD-JUnit-Mockito)
2026-07-02T20:57:50.634+05:30  INFO 21292 --- [           main] com.example.spring.UserIntegrationTest   : No active profile set, falling back to 1 default profile: "default"
2026-07-02T20:57:50.980+05:30  INFO 21292 --- [           main] .s.d.r.c.RepositoryConfigurationDelegate : Bootstrapping Spring Data JPA repositories in DEFAULT mode.
2026-07-02T20:57:51.001+05:30  INFO 21292 --- [           main] .s.d.r.c.RepositoryConfigurationDelegate : Finished Spring Data repository scanning in 21 ms. Found 2 JPA repository interfaces.
2026-07-02T20:57:51.152+05:30  INFO 21292 --- [           main] com.zaxxer.hikari.HikariDataSource       : HikariPool-2 - Starting...
2026-07-02T20:57:51.157+05:30  INFO 21292 --- [           main] com.zaxxer.hikari.pool.HikariPool        : HikariPool-2 - Added connection conn10: url=jdbc:h2:mem:320e08c4-1955-4455-91a6-d59d53381b80 user=SA
2026-07-02T20:57:51.157+05:30  INFO 21292 --- [           main] com.zaxxer.hikari.HikariDataSource       : HikariPool-2 - Start completed.
2026-07-02T20:57:51.159+05:30  INFO 21292 --- [           main] o.hibernate.jpa.internal.util.LogHelper  : HHH000204: Processing PersistenceUnitInfo [name: default]
2026-07-02T20:57:51.169+05:30  INFO 21292 --- [           main] o.h.c.internal.RegionFactoryInitiator    : HHH000026: Second-level cache disabled
2026-07-02T20:57:51.186+05:30  INFO 21292 --- [           main] o.s.o.j.p.SpringPersistenceUnitInfo      : No LoadTimeWeaver setup: ignoring JPA class transformer
2026-07-02T20:57:51.259+05:30  INFO 21292 --- [           main] o.h.e.t.j.p.i.JtaPlatformInitiator       : HHH000489: No JTA platform available (set 'hibernate.transaction.jta.platform' to enable JTA platform integration)
2026-07-02T20:57:51.265+05:30  INFO 21292 --- [           main] j.LocalContainerEntityManagerFactoryBean : Initialized JPA EntityManagerFactory for persistence unit 'default'
2026-07-02T20:57:51.415+05:30  WARN 21292 --- [           main] JpaBaseConfiguration$JpaWebConfiguration : spring.jpa.open-in-view is enabled by default. Therefore, database queries may be performed during view rendering. Explicitly configure spring.jpa.open-in-view to disable this warning
2026-07-02T20:57:51.641+05:30  INFO 21292 --- [           main] o.s.b.t.m.w.SpringBootMockServletContext : Initializing Spring TestDispatcherServlet ''
2026-07-02T20:57:51.642+05:30  INFO 21292 --- [           main] o.s.t.web.servlet.TestDispatcherServlet  : Initializing Servlet ''
2026-07-02T20:57:51.644+05:30  INFO 21292 --- [           main] o.s.t.web.servlet.TestDispatcherServlet  : Completed initialization in 2 ms
2026-07-02T20:57:51.660+05:30  INFO 21292 --- [           main] com.example.spring.UserIntegrationTest   : Started UserIntegrationTest in 1.073 seconds (process running for 20.29)
]]></system-out>
  </testcase>
  <testcase name="testCreateAndGetFlow" classname="com.example.spring.UserIntegrationTest" time="0.016">
    <system-out><![CDATA[2026-07-02T20:57:53.804+05:30  INFO 21292 --- [           main] t.c.s.AnnotationConfigContextLoaderUtils : Could not detect default configuration classes for test class [com.example.spring.UserIntegrationTest]: UserIntegrationTest does not declare any static, non-private, non-final, nested classes annotated with @Configuration.
2026-07-02T20:57:53.810+05:30  INFO 21292 --- [           main] .b.t.c.SpringBootTestContextBootstrapper : Found @SpringBootConfiguration com.example.spring.Application for test class com.example.spring.UserIntegrationTest
]]></system-out>
  </testcase>
</testsuite>